Plugins:
Bundled analyzers:
  - Python Code Quality and Security 3.24.1.11916 (python)
  - Go Code Quality and Security 1.11.0.3905 (go)
  - JaCoCo 1.3.0.1538 (jacoco)
  - Kotlin Code Quality and Security 2.12.0.1956 (kotlin)
  - IaC Code Quality and Security 1.11.0.2847 (iac)
  - JavaScript/TypeScript/CSS Code Quality and Security 9.13.0.20537 (javascript)
  - Ruby Code Quality and Security 1.11.0.3905 (ruby)
  - Scala Code Quality and Security 1.11.0.3905 (sonarscala)
  - C# Code Quality and Security 8.51.0.59060 (csharp)
  - Java Code Quality and Security 7.16.0.30901 (java)
  - HTML Code Quality and Security 3.7.1.3306 (web)
  - Flex Code Quality and Security 2.8.0.3166 (flex)
  - XML Code Quality and Security 2.7.0.3820 (xml)
  - PHP Code Quality and Security 3.27.1.9352 (php)
  - Text Code Quality and Security 2.0.2.1090 (text)
  - VB.NET Code Quality and Security 8.51.0.59060 (vbnet)
  - Configuration detection fot Code Quality and Security 1.2.0.267 (config)
Global server settings:
  - sonar.core.id=147B411E-AZElipJfBo3PgFGb4KcY
  - sonar.core.startTime=2024-08-06T02:35:22+0000
  - sonar.forceAuthentication=true
Project server settings:
Project scanner properties:
  - sonar.binaries=D:\Thi-Trac-Nghiem-Backend\target\classes
  - sonar.groovy.binaries=D:\Thi-Trac-Nghiem-Backend\target\classes
  - sonar.host.url=http://localhost:9000
  - sonar.java.binaries=D:\Thi-Trac-Nghiem-Backend\target\classes
  - sonar.java.enablePreview=false
  - sonar.java.libraries=C:\Users\MinhDuc\.m2\repository\org\springframework\boot\spring-boot-starter-data-jpa\3.2.3\spring-boot-starter-data-jpa-3.2.3.jar,C:\Users\MinhDuc\.m2\repository\org\springframework\boot\spring-boot-starter-jdbc\3.2.3\spring-boot-starter-jdbc-3.2.3.jar,C:\Users\MinhDuc\.m2\repository\com\zaxxer\HikariCP\5.0.1\HikariCP-5.0.1.jar,C:\Users\MinhDuc\.m2\repository\org\springframework\spring-jdbc\6.1.4\spring-jdbc-6.1.4.jar,C:\Users\MinhDuc\.m2\repository\org\hibernate\orm\hibernate-core\6.4.4.Final\hibernate-core-6.4.4.Final.jar,C:\Users\MinhDuc\.m2\repository\jakarta\persistence\jakarta.persistence-api\3.1.0\jakarta.persistence-api-3.1.0.jar,C:\Users\MinhDuc\.m2\repository\jakarta\transaction\jakarta.transaction-api\2.0.1\jakarta.transaction-api-2.0.1.jar,C:\Users\MinhDuc\.m2\repository\org\jboss\logging\jboss-logging\3.5.3.Final\jboss-logging-3.5.3.Final.jar,C:\Users\MinhDuc\.m2\repository\com\fasterxml\classmate\1.6.0\classmate-1.6.0.jar,C:\Users\MinhDuc\.m2\repository\org\antlr\antl...
  - sonar.java.source=17
  - sonar.java.target=17
  - sonar.java.test.binaries=D:\Thi-Trac-Nghiem-Backend\target\test-classes
  - sonar.java.test.libraries=D:\Thi-Trac-Nghiem-Backend\target\classes,C:\Users\MinhDuc\.m2\repository\org\springframework\boot\spring-boot-starter-data-jpa\3.2.3\spring-boot-starter-data-jpa-3.2.3.jar,C:\Users\MinhDuc\.m2\repository\org\springframework\boot\spring-boot-starter-jdbc\3.2.3\spring-boot-starter-jdbc-3.2.3.jar,C:\Users\MinhDuc\.m2\repository\com\zaxxer\HikariCP\5.0.1\HikariCP-5.0.1.jar,C:\Users\MinhDuc\.m2\repository\org\springframework\spring-jdbc\6.1.4\spring-jdbc-6.1.4.jar,C:\Users\MinhDuc\.m2\repository\org\hibernate\orm\hibernate-core\6.4.4.Final\hibernate-core-6.4.4.Final.jar,C:\Users\MinhDuc\.m2\repository\jakarta\persistence\jakarta.persistence-api\3.1.0\jakarta.persistence-api-3.1.0.jar,C:\Users\MinhDuc\.m2\repository\jakarta\transaction\jakarta.transaction-api\2.0.1\jakarta.transaction-api-2.0.1.jar,C:\Users\MinhDuc\.m2\repository\org\jboss\logging\jboss-logging\3.5.3.Final\jboss-logging-3.5.3.Final.jar,C:\Users\MinhDuc\.m2\repository\org\hibernate\common\hibernate-commons-annotations\6.0...
  - sonar.junit.reportPaths=D:\Thi-Trac-Nghiem-Backend\target\surefire-reports
  - sonar.junit.reportsPath=D:\Thi-Trac-Nghiem-Backend\target\surefire-reports
  - sonar.libraries=C:\Users\MinhDuc\.m2\repository\org\springframework\boot\spring-boot-starter-data-jpa\3.2.3\spring-boot-starter-data-jpa-3.2.3.jar,C:\Users\MinhDuc\.m2\repository\org\springframework\boot\spring-boot-starter-jdbc\3.2.3\spring-boot-starter-jdbc-3.2.3.jar,C:\Users\MinhDuc\.m2\repository\com\zaxxer\HikariCP\5.0.1\HikariCP-5.0.1.jar,C:\Users\MinhDuc\.m2\repository\org\springframework\spring-jdbc\6.1.4\spring-jdbc-6.1.4.jar,C:\Users\MinhDuc\.m2\repository\org\hibernate\orm\hibernate-core\6.4.4.Final\hibernate-core-6.4.4.Final.jar,C:\Users\MinhDuc\.m2\repository\jakarta\persistence\jakarta.persistence-api\3.1.0\jakarta.persistence-api-3.1.0.jar,C:\Users\MinhDuc\.m2\repository\jakarta\transaction\jakarta.transaction-api\2.0.1\jakarta.transaction-api-2.0.1.jar,C:\Users\MinhDuc\.m2\repository\org\jboss\logging\jboss-logging\3.5.3.Final\jboss-logging-3.5.3.Final.jar,C:\Users\MinhDuc\.m2\repository\com\fasterxml\classmate\1.6.0\classmate-1.6.0.jar,C:\Users\MinhDuc\.m2\repository\org\antlr\antl...
  - sonar.links.ci=
  - sonar.links.homepage=https://spring.io/projects/spring-boot/exam-system
  - sonar.links.issue=
  - sonar.links.scm=https://github.com/spring-projects/spring-boot/exam-system
  - sonar.links.scm_dev=
  - sonar.login=******
  - sonar.moduleKey=exam-system
  - sonar.projectBaseDir=D:\Thi-Trac-Nghiem-Backend
  - sonar.projectBuildDir=D:\Thi-Trac-Nghiem-Backend\target
  - sonar.projectDescription=multiple choice exam system
  - sonar.projectKey=exam-system
  - sonar.projectName=exam-system
  - sonar.projectVersion=0.0.1-SNAPSHOT
  - sonar.scanner.app=ScannerMaven
  - sonar.scanner.appVersion=4.0.0.4121/3.9.8
  - sonar.sourceEncoding=UTF-8
  - sonar.sources=D:\Thi-Trac-Nghiem-Backend\pom.xml,D:\Thi-Trac-Nghiem-Backend\src\main\java
  - sonar.tests=D:\Thi-Trac-Nghiem-Backend\src\test\java
  - sonar.working.directory=D:\Thi-Trac-Nghiem-Backend\target\sonar
